# JRE version: OpenJDK Runtime Environment (8.0_265-b01) (build 1.8.0_265-b01)
# Java VM: OpenJDK 64-Bit Server VM (25.265-b01 mixed mode windows-amd64 compressed oops)
Heap:
 PSYoungGen      total 1313792K, used 110740K [0x000000076b200000, 0x00000007bf880000, 0x00000007c0000000)
  eden space 1254912K, 8% used [0x000000076b200000,0x0000000771b4a7b0,0x00000007b7b80000)
  from space 58880K, 4% used [0x00000007bbf00000,0x00000007bc1dac20,0x00000007bf880000)
  to   space 64000K, 0% used [0x00000007b7b80000,0x00000007b7b80000,0x00000007bba00000)
 ParOldGen       total 378880K, used 130510K [0x00000006c1600000, 0x00000006d8800000, 0x000000076b200000)
  object space 378880K, 34% used [0x00000006c1600000,0x00000006c9573ac0,0x00000006d8800000)
 Metaspace       used 55221K, capacity 57842K, committed 58328K, reserved 1099776K
  class space    used 6585K, capacity 7623K, committed 7680K, reserved 1048576K
GC Heap History (10 events):
Event: 43.706 GC heap before
{Heap before GC invocations=23 (full 2):
 PSYoungGen      total 1305600K, used 1305584K [0x000000076b200000, 0x00000007c0000000, 0x00000007c0000000)
  eden space 1269760K, 100% used [0x000000076b200000,0x00000007b8a00000,0x00000007b8a00000)
  from space 35840K, 99% used [0x00000007bdd00000,0x00000007bfffc020,0x00000007c0000000)
  to   space 60416K, 0% used [0x00000007b8a00000,0x00000007b8a00000,0x00000007bc500000)
 ParOldGen       total 216576K, used 158741K [0x00000006c1600000, 0x00000006ce980000, 0x000000076b200000)
  object space 216576K, 73% used [0x00000006c1600000,0x00000006cb105748,0x00000006ce980000)
 Metaspace       used 53751K, capacity 56316K, committed 56664K, reserved 1097728K
  class space    used 6398K, capacity 7456K, committed 7552K, reserved 1048576K
Event: 43.863 GC heap after
Heap after GC invocations=23 (full 2):
 PSYoungGen      total 1327104K, used 56937K [0x000000076b200000, 0x00000007c0000000, 0x00000007c0000000)
  eden space 1269760K, 0% used [0x000000076b200000,0x000000076b200000,0x00000007b8a00000)
  from space 57344K, 99% used [0x00000007b8a00000,0x00000007bc19a690,0x00000007bc200000)
  to   space 63488K, 0% used [0x00000007bc200000,0x00000007bc200000,0x00000007c0000000)
 ParOldGen       total 216576K, used 179716K [0x00000006c1600000, 0x00000006ce980000, 0x000000076b200000)
  object space 216576K, 82% used [0x00000006c1600000,0x00000006cc5812d8,0x00000006ce980000)
 Metaspace       used 53751K, capacity 56316K, committed 56664K, reserved 1097728K
  class space    used 6398K, capacity 7456K, committed 7552K, reserved 1048576K
}
Event: 43.863 GC heap before
{Heap before GC invocations=24 (full 3):
 PSYoungGen      total 1327104K, used 56937K [0x000000076b200000, 0x00000007c0000000, 0x00000007c0000000)
  eden space 1269760K, 0% used [0x000000076b200000,0x000000076b200000,0x00000007b8a00000)
  from space 57344K, 99% used [0x00000007b8a00000,0x00000007bc19a690,0x00000007bc200000)
  to   space 63488K, 0% used [0x00000007bc200000,0x00000007bc200000,0x00000007c0000000)
 ParOldGen       total 216576K, used 179716K [0x00000006c1600000, 0x00000006ce980000, 0x000000076b200000)
  object space 216576K, 82% used [0x00000006c1600000,0x00000006cc5812d8,0x00000006ce980000)
 Metaspace       used 53751K, capacity 56316K, committed 56664K, reserved 1097728K
  class space    used 6398K, capacity 7456K, committed 7552K, reserved 1048576K
Event: 44.109 GC heap after
Heap after GC invocations=24 (full 3):
 PSYoungGen      total 1327104K, used 0K [0x000000076b200000, 0x00000007c0000000, 0x00000007c0000000)
  eden space 1269760K, 0% used [0x000000076b200000,0x000000076b200000,0x00000007b8a00000)
  from space 57344K, 0% used [0x00000007b8a00000,0x00000007b8a00000,0x00000007bc200000)
  to   space 63488K, 0% used [0x00000007bc200000,0x00000007bc200000,0x00000007c0000000)
 ParOldGen       total 378880K, used 130438K [0x00000006c1600000, 0x00000006d8800000, 0x000000076b200000)
  object space 378880K, 34% used [0x00000006c1600000,0x00000006c9561ac0,0x00000006d8800000)
 Metaspace       used 53662K, capacity 56172K, committed 56664K, reserved 1097728K
  class space    used 6391K, capacity 7448K, committed 7552K, reserved 1048576K
}
Event: 45.035 GC heap before
{Heap before GC invocations=25 (full 3):
 PSYoungGen      total 1327104K, used 1269760K [0x000000076b200000, 0x00000007c0000000, 0x00000007c0000000)
  eden space 1269760K, 100% used [0x000000076b200000,0x00000007b8a00000,0x00000007b8a00000)
  from space 57344K, 0% used [0x00000007b8a00000,0x00000007b8a00000,0x00000007bc200000)
  to   space 63488K, 0% used [0x00000007bc200000,0x00000007bc200000,0x00000007c0000000)
 ParOldGen       total 378880K, used 130438K [0x00000006c1600000, 0x00000006d8800000, 0x000000076b200000)
  object space 378880K, 34% used [0x00000006c1600000,0x00000006c9561ac0,0x00000006d8800000)
 Metaspace       used 53676K, capacity 56172K, committed 56664K, reserved 1097728K
  class space    used 6391K, capacity 7448K, committed 7552K, reserved 1048576K
Event: 45.039 GC heap after
Heap after GC invocations=25 (full 3):
 PSYoungGen      total 1315840K, used 992K [0x000000076b200000, 0x00000007c0000000, 0x00000007c0000000)
  eden space 1252352K, 0% used [0x000000076b200000,0x000000076b200000,0x00000007b7900000)
  from space 63488K, 1% used [0x00000007bc200000,0x00000007bc2f8000,0x00000007c0000000)
  to   space 69120K, 0% used [0x00000007b7900000,0x00000007b7900000,0x00000007bbc80000)
 ParOldGen       total 378880K, used 130446K [0x00000006c1600000, 0x00000006d8800000, 0x000000076b200000)
  object space 378880K, 34% used [0x00000006c1600000,0x00000006c9563ac0,0x00000006d8800000)
 Metaspace       used 53676K, capacity 56172K, committed 56664K, reserved 1097728K
  class space    used 6391K, capacity 7448K, committed 7552K, reserved 1048576K
}
Event: 45.116 GC heap before
{Heap before GC invocations=26 (full 3):
 PSYoungGen      total 1315840K, used 1253344K [0x000000076b200000, 0x00000007c0000000, 0x00000007c0000000)
  eden space 1252352K, 100% used [0x000000076b200000,0x00000007b7900000,0x00000007b7900000)
  from space 63488K, 1% used [0x00000007bc200000,0x00000007bc2f8000,0x00000007c0000000)
  to   space 69120K, 0% used [0x00000007b7900000,0x00000007b7900000,0x00000007bbc80000)
 ParOldGen       total 378880K, used 130446K [0x00000006c1600000, 0x00000006d8800000, 0x000000076b200000)
  object space 378880K, 34% used [0x00000006c1600000,0x00000006c9563ac0,0x00000006d8800000)
 Metaspace       used 53677K, capacity 56172K, committed 56664K, reserved 1097728K
  class space    used 6391K, capacity 7448K, committed 7552K, reserved 1048576K
Event: 45.118 GC heap after
Heap after GC invocations=26 (full 3):
 PSYoungGen      total 1321472K, used 1312K [0x000000076b200000, 0x00000007c0000000, 0x00000007c0000000)
  eden space 1252352K, 0% used [0x000000076b200000,0x000000076b200000,0x00000007b7900000)
  from space 69120K, 1% used [0x00000007b7900000,0x00000007b7a48000,0x00000007bbc80000)
  to   space 66560K, 0% used [0x00000007bbf00000,0x00000007bbf00000,0x00000007c0000000)
 ParOldGen       total 378880K, used 130486K [0x00000006c1600000, 0x00000006d8800000, 0x000000076b200000)
  object space 378880K, 34% used [0x00000006c1600000,0x00000006c956dac0,0x00000006d8800000)
 Metaspace       used 53677K, capacity 56172K, committed 56664K, reserved 1097728K
  class space    used 6391K, capacity 7448K, committed 7552K, reserved 1048576K
}
Event: 108.747 GC heap before
{Heap before GC invocations=27 (full 3):
 PSYoungGen      total 1321472K, used 1253664K [0x000000076b200000, 0x00000007c0000000, 0x00000007c0000000)
  eden space 1252352K, 100% used [0x000000076b200000,0x00000007b7900000,0x00000007b7900000)
  from space 69120K, 1% used [0x00000007b7900000,0x00000007b7a48000,0x00000007bbc80000)
  to   space 66560K, 0% used [0x00000007bbf00000,0x00000007bbf00000,0x00000007c0000000)
 ParOldGen       total 378880K, used 130486K [0x00000006c1600000, 0x00000006d8800000, 0x000000076b200000)
  object space 378880K, 34% used [0x00000006c1600000,0x00000006c956dac0,0x00000006d8800000)
 Metaspace       used 55151K, capacity 57746K, committed 58328K, reserved 1099776K
  class space    used 6580K, capacity 7591K, committed 7680K, reserved 1048576K
Event: 108.752 GC heap after
Heap after GC invocations=27 (full 3):
 PSYoungGen      total 1313792K, used 2923K [0x000000076b200000, 0x00000007bf880000, 0x00000007c0000000)
  eden space 1254912K, 0% used [0x000000076b200000,0x000000076b200000,0x00000007b7b80000)
  from space 58880K, 4% used [0x00000007bbf00000,0x00000007bc1dac20,0x00000007bf880000)
  to   space 64000K, 0% used [0x00000007b7b80000,0x00000007b7b80000,0x00000007bba00000)
 ParOldGen       total 378880K, used 130510K [0x00000006c1600000, 0x00000006d8800000, 0x000000076b200000)
  object space 378880K, 34% used [0x00000006c1600000,0x00000006c9573ac0,0x00000006d8800000)
 Metaspace       used 55151K, capacity 57746K, committed 58328K, reserved 1099776K
  class space    used 6580K, capacity 7591K, committed 7680K, reserved 1048576K
}

